Log file open, 12/08/18 15:11:47
LogWindows: Failed to load 'aqProf.dll' (GetLastError=126)
LogWindows: File 'aqProf.dll' does not exist
LogWindows: Failed to load 'VtuneApi.dll' (GetLastError=126)
LogWindows: File 'VtuneApi.dll' does not exist
LogWindows: Failed to load 'VtuneApi32e.dll' (GetLastError=126)
LogWindows: File 'VtuneApi32e.dll' does not exist
LogConsoleResponse: Display: Failed to find resolution value strings in scalability ini. Falling back to default.
LogInit: Display: Running engine for game: SubwaySurf
LogPakFile: Registered encryption key '00000000000000000000000000000000': 0 pak files mounted, 0 remain pending
LogPlatformFile: Not using cached read wrapper
LogTaskGraph: Started task graph with 5 named threads and 23 total threads with 3 sets of task threads.
LogStats: Stats thread started at 0.283570
LogD3D11RHI: Loaded GFSDK_Aftermath_Lib.x64.dll
LogICUInternationalization: ICU TimeZone Detection - Raw Offset: +2:00, Platform Override: ''
LogPluginManager: Mounting plugin Paper2D
LogPluginManager: Mounting plugin AISupport
LogPluginManager: Mounting plugin LightPropagationVolume
LogPluginManager: Mounting plugin ActorLayerUtilities
LogPluginManager: Mounting plugin CLionSourceCodeAccess
LogPluginManager: Mounting plugin CodeLiteSourceCodeAccess
LogPluginManager: Mounting plugin GitSourceControl
LogPluginManager: Mounting plugin KDevelopSourceCodeAccess
LogPluginManager: Mounting plugin NullSourceCodeAccess
LogPluginManager: Mounting plugin PerforceSourceControl
LogPluginManager: Mounting plugin SubversionSourceControl
LogPluginManager: Mounting plugin UObjectPlugin
LogPluginManager: Mounting plugin VisualStudioCodeSourceCodeAccess
LogPluginManager: Mounting plugin VisualStudioSourceCodeAccess
LogPluginManager: Mounting plugin XCodeSourceCodeAccess
LogPluginManager: Mounting plugin AssetManagerEditor
LogPluginManager: Mounting plugin CryptoKeys
LogPluginManager: Mounting plugin DataValidation
LogPluginManager: Mounting plugin FacialAnimation
LogPluginManager: Mounting plugin GameplayTagsEditor
LogPluginManager: Mounting plugin MacGraphicsSwitching
LogPluginManager: Mounting plugin MeshEditor
LogPluginManager: Mounting plugin MobileLauncherProfileWizard
LogPluginManager: Mounting plugin PluginBrowser
LogPluginManager: Mounting plugin SpeedTreeImporter
LogPluginManager: Mounting plugin DatasmithContent
LogPluginManager: Mounting plugin VariantManagerContent
LogPluginManager: Mounting plugin AlembicImporter
LogPluginManager: Mounting plugin AppleImageUtils
LogPluginManager: Mounting plugin AppleVision
LogPluginManager: Mounting plugin BackChannel
LogPluginManager: Mounting plugin CharacterAI
LogPluginManager: Mounting plugin GeometryCache
LogPluginManager: Mounting plugin HTML5Networking
LogPluginManager: Mounting plugin ProxyLODPlugin
LogPluginManager: Mounting plugin MagicLeap
LogPluginManager: Mounting plugin MagicLeapMedia
LogPluginManager: Mounting plugin AndroidMedia
LogPluginManager: Mounting plugin AvfMedia
LogPluginManager: Mounting plugin ImgMedia
LogPluginManager: Mounting plugin LinearTimecode
LogPluginManager: Mounting plugin MediaCompositing
LogPluginManager: Mounting plugin MediaPlayerEditor
LogPluginManager: Mounting plugin WebMMedia
LogPluginManager: Mounting plugin WmfMedia
LogPluginManager: Mounting plugin TcpMessaging
LogPluginManager: Mounting plugin UdpMessaging
LogPluginManager: Mounting plugin ActorSequence
LogPluginManager: Mounting plugin LevelSequenceEditor
LogPluginManager: Mounting plugin MatineeToLevelSequence
LogPluginManager: Mounting plugin NetcodeUnitTest
LogPluginManager: Mounting plugin NUTUnrealEngine4
LogPluginManager: Mounting plugin OnlineSubsystemGooglePlay
LogPluginManager: Mounting plugin OnlineSubsystemIOS
LogPluginManager: Mounting plugin OnlineSubsystem
LogPluginManager: Mounting plugin OnlineSubsystemNull
LogPluginManager: Mounting plugin OnlineSubsystemUtils
LogPluginManager: Mounting plugin LauncherChunkInstaller
LogPluginManager: Mounting plugin AndroidDeviceProfileSelector
LogPluginManager: Mounting plugin AndroidMoviePlayer
LogPluginManager: Mounting plugin AndroidPermission
LogPluginManager: Mounting plugin AppleMoviePlayer
LogPluginManager: Mounting plugin ArchVisCharacter
LogPluginManager: Mounting plugin AudioCapture
LogPluginManager: Mounting plugin CableComponent
LogPluginManager: Mounting plugin CustomMeshComponent
LogPluginManager: Mounting plugin EditableMesh
LogPluginManager: Mounting plugin ExampleDeviceProfileSelector
LogPluginManager: Mounting plugin Firebase
LogPluginManager: Mounting plugin GoogleCloudMessaging
LogPluginManager: Mounting plugin IOSDeviceProfileSelector
LogPluginManager: Mounting plugin LinuxDeviceProfileSelector
LogPluginManager: Mounting plugin LocationServicesBPLibrary
LogPluginManager: Mounting plugin MobilePatchingUtils
LogPluginManager: Mounting plugin OculusVR
LogPluginManager: Mounting plugin PhysXVehicles
LogPluginManager: Mounting plugin ProceduralMeshComponent
LogPluginManager: Mounting plugin RuntimePhysXCooking
LogPluginManager: Mounting plugin SteamVR
LogPluginManager: Mounting plugin WebMMoviePlayer
LogPluginManager: Mounting plugin WindowsMoviePlayer
LogStreaming: Display: Took  0.094s to configure plugins.
LogInit: Using libcurl 7.55.1-DEV
LogInit:  - built for x86_64-pc-win32
LogInit:  - supports SSL with OpenSSL/1.0.2h
LogInit:  - supports HTTP deflate (compression) using libz 1.2.8
LogInit:  - other features:
LogInit:      CURL_VERSION_SSL
LogInit:      CURL_VERSION_LIBZ
LogInit:      CURL_VERSION_IPV6
LogInit:      CURL_VERSION_ASYNCHDNS
LogInit:      CURL_VERSION_LARGEFILE
LogInit:      CURL_VERSION_IDN
LogInit:  CurlRequestOptions (configurable via config and command line):
LogInit:  - bVerifyPeer = true  - Libcurl will verify peer certificate
LogInit:  - bUseHttpProxy = false  - Libcurl will NOT use HTTP proxy
LogInit:  - bDontReuseConnections = false  - Libcurl will reuse connections
LogInit:  - MaxHostConnections = 16  - Libcurl will limit the number of connections to a host
LogInit:  - LocalHostAddr = Default
LogInit:  - BufferSize = 65536
LogInit: WinSock: version 1.1 (2.2), MaxSocks=32767, MaxUdp=65467
LogInit: Build: ++UE4+Release-4.21-CL-4541578
LogInit: Engine Version: 4.21.0-4541578+++UE4+Release-4.21
LogInit: Compatible Engine Version: 4.21.0-4541578+++UE4+Release-4.21
LogInit: Net CL: 4541578
LogInit: OS: Windows 10 (), CPU: Intel(R) Core(TM) i7-6700HQ CPU @ 2.60GHz, GPU: Intel(R) HD Graphics 530
LogInit: Compiled (64-bit): Nov  6 2018 02:04:24
LogInit: Compiled with Visual C++: 19.13.26129.00
LogInit: Build Configuration: Development
LogInit: Branch Name: ++UE4+Release-4.21
LogInit: Command Line: 
LogInit: Base Directory: D:/Programs/Epic Games/UE_4.21/Engine/Binaries/Win64/
LogInit: Installed Engine Build: 1
LogDevObjectVersion: Number of dev versions registered: 22
LogDevObjectVersion:   Dev-Blueprints (B0D832E4-1F89-4F0D-ACCF-7EB736FD4AA2): 10
LogDevObjectVersion:   Dev-Build (E1C64328-A22C-4D53-A36C-8E866417BD8C): 0
LogDevObjectVersion:   Dev-Core (375EC13C-06E4-48FB-B500-84F0262A717E): 2
LogDevObjectVersion:   Dev-Editor (E4B068ED-F494-42E9-A231-DA0B2E46BB41): 26
LogDevObjectVersion:   Dev-Framework (CFFC743F-43B0-4480-9391-14DF171D2073): 34
LogDevObjectVersion:   Dev-Mobile (B02B49B5-BB20-44E9-A304-32B752E40360): 2
LogDevObjectVersion:   Dev-Networking (A4E4105C-59A1-49B5-A7C5-40C4547EDFEE): 0
LogDevObjectVersion:   Dev-Online (39C831C9-5AE6-47DC-9A44-9C173E1C8E7C): 0
LogDevObjectVersion:   Dev-Physics (78F01B33-EBEA-4F98-B9B4-84EACCB95AA2): 0
LogDevObjectVersion:   Dev-Platform (6631380F-2D4D-43E0-8009-CF276956A95A): 0
LogDevObjectVersion:   Dev-Rendering (12F88B9F-8875-4AFC-A67C-D90C383ABD29): 27
LogDevObjectVersion:   Dev-Sequencer (7B5AE74C-D270-4C10-A958-57980B212A5A): 9
LogDevObjectVersion:   Dev-VR (D7296918-1DD6-4BDD-9DE2-64A83CC13884): 2
LogDevObjectVersion:   Dev-LoadTimes (C2A15278-BFE7-4AFE-6C17-90FF531DF755): 1
LogDevObjectVersion:   Private-Geometry (6EACA3D4-40EC-4CC1-B786-8BED09428FC5): 3
LogDevObjectVersion:   Dev-AnimPhys (29E575DD-E0A3-4627-9D10-D276232CDCEA): 17
LogDevObjectVersion:   Dev-Anim (AF43A65D-7FD3-4947-9873-3E8ED9C1BB05): 2
LogDevObjectVersion:   Dev-ReflectionCapture (6B266CEC-1EC7-4B8F-A30B-E4D90942FC07): 1
LogDevObjectVersion:   Dev-Automation (0DF73D61-A23F-47EA-B727-89E90C41499A): 1
LogDevObjectVersion:   FortniteMain (601D1886-AC64-4F84-AA16-D3DE0DEAC7D6): 17
LogDevObjectVersion:   Dev-Enterprise (9DFFBCD6-494F-0158-E221-12823C92A888): 4
LogDevObjectVersion:   Dev-Niagara (F2AED0AC-9AFE-416F-8664-AA7FFA26D6FC): 1
LogStreaming: Display: Took  0.000s to delete old logs.
LogInit: Presizing for max 8388607 objects, including 0 objects not considered by GC, pre-allocating 0 bytes for permanent pool.
LogInit: Object subsystem initialized
LogConfig: Setting CVar [[con.DebugEarlyDefault:1]]
LogConfig: Setting CVar [[r.setres:1280x720]]
[2018.12.08-13.11.47:428][  0]LogConfig: Setting CVar [[r.VSync:0]]
[2018.12.08-13.11.47:428][  0]LogConfig: Setting CVar [[r.RHICmdBypass:0]]
[2018.12.08-13.11.47:428][  0]LogConfig: Applying CVar settings from Section [/Script/Engine.RendererSettings] File [D:/Danny/Unreal_engine/GitHub/Subway/Saved/Config/Windows/Engine.ini]
[2018.12.08-13.11.47:428][  0]LogConfig: Setting CVar [[r.GPUCrashDebugging:0]]
[2018.12.08-13.11.47:428][  0]LogConfig: Setting CVar [[r.MobileHDR:1]]
[2018.12.08-13.11.47:428][  0]LogConfig: Setting CVar [[r.Mobile.DisableVertexFog:1]]
[2018.12.08-13.11.47:428][  0]LogConfig: Setting CVar [[r.Shadow.CSM.MaxMobileCascades:2]]
[2018.12.08-13.11.47:428][  0]LogConfig: Setting CVar [[r.MobileMSAA:1]]
[2018.12.08-13.11.47:428][  0]LogConfig: Setting CVar [[r.Mobile.UseLegacyShadingModel:0]]
[2018.12.08-13.11.47:428][  0]LogConfig: Setting CVar [[r.Mobile.AllowDitheredLODTransition:0]]
[2018.12.08-13.11.47:428][  0]LogConfig: Setting CVar [[r.Mobile.AllowSoftwareOcclusion:0]]
[2018.12.08-13.11.47:428][  0]LogConfig: Setting CVar [[r.DiscardUnusedQuality:0]]
[2018.12.08-13.11.47:428][  0]LogConfig: Setting CVar [[r.AllowOcclusionQueries:1]]
[2018.12.08-13.11.47:428][  0]LogConfig: Setting CVar [[r.MinScreenRadiusForLights:0.030000]]
[2018.12.08-13.11.47:428][  0]LogConfig: Setting CVar [[r.MinScreenRadiusForDepthPrepass:0.030000]]
[2018.12.08-13.11.47:428][  0]LogConfig: Setting CVar [[r.MinScreenRadiusForCSMDepth:0.010000]]
[2018.12.08-13.11.47:428][  0]LogConfig: Setting CVar [[r.PrecomputedVisibilityWarning:0]]
[2018.12.08-13.11.47:428][  0]LogConfig: Setting CVar [[r.TextureStreaming:1]]
[2018.12.08-13.11.47:428][  0]LogConfig: Setting CVar [[Compat.UseDXT5NormalMaps:0]]
[2018.12.08-13.11.47:428][  0]LogConfig: Setting CVar [[r.ClearCoatNormal:0]]
[2018.12.08-13.11.47:428][  0]LogConfig: Setting CVar [[r.ReflectionCaptureResolution:128]]
[2018.12.08-13.11.47:428][  0]LogConfig: Setting CVar [[r.ReflectionEnvironmentLightmapMixBasedOnRoughness:1]]
[2018.12.08-13.11.47:428][  0]LogConfig: Setting CVar [[r.ForwardShading:0]]
[2018.12.08-13.11.47:428][  0]LogConfig: Setting CVar [[r.VertexFoggingForOpaque:1]]
[2018.12.08-13.11.47:428][  0]LogConfig: Setting CVar [[r.AllowStaticLighting:1]]
[2018.12.08-13.11.47:428][  0]LogConfig: Setting CVar [[r.NormalMapsForStaticLighting:0]]
[2018.12.08-13.11.47:429][  0]LogConfig: Setting CVar [[r.GenerateMeshDistanceFields:0]]
[2018.12.08-13.11.47:429][  0]LogConfig: Setting CVar [[r.DistanceFieldBuild.EightBit:0]]
[2018.12.08-13.11.47:429][  0]LogConfig: Setting CVar [[r.GenerateLandscapeGIData:0]]
[2018.12.08-13.11.47:429][  0]LogConfig: Setting CVar [[r.DistanceFieldBuild.Compress:0]]
[2018.12.08-13.11.47:429][  0]LogConfig: Setting CVar [[r.TessellationAdaptivePixelsPerTriangle:48.000000]]
[2018.12.08-13.11.47:429][  0]LogConfig: Setting CVar [[r.SeparateTranslucency:0]]
[2018.12.08-13.11.47:429][  0]LogConfig: Setting CVar [[r.TranslucentSortPolicy:0]]
[2018.12.08-13.11.47:429][  0]LogConfig: Setting CVar [[r.CustomDepth:1]]
[2018.12.08-13.11.47:429][  0]LogConfig: Setting CVar [[r.CustomDepthTemporalAAJitter:1]]
[2018.12.08-13.11.47:429][  0]LogConfig: Setting CVar [[r.PostProcessing.PropagateAlpha:0]]
[2018.12.08-13.11.47:429][  0]LogConfig: Setting CVar [[r.DOF.Algorithm:1]]
[2018.12.08-13.11.47:429][  0]LogConfig: Setting CVar [[r.DefaultFeature.Bloom:1]]
[2018.12.08-13.11.47:429][  0]LogConfig: Setting CVar [[r.DefaultFeature.AmbientOcclusion:0]]
[2018.12.08-13.11.47:429][  0]LogConfig: Setting CVar [[r.DefaultFeature.AmbientOcclusionStaticFraction:1]]
[2018.12.08-13.11.47:429][  0]LogConfig: Setting CVar [[r.DefaultFeature.AutoExposure:0]]
[2018.12.08-13.11.47:429][  0]LogConfig: Setting CVar [[r.DefaultFeature.AutoExposure.Method:0]]
[2018.12.08-13.11.47:429][  0]LogConfig: Setting CVar [[r.DefaultFeature.AutoExposure.ExtendDefaultLuminanceRange:0]]
[2018.12.08-13.11.47:429][  0]LogConfig: Setting CVar [[r.UsePreExposure:0]]
[2018.12.08-13.11.47:429][  0]LogConfig: Setting CVar [[r.DefaultFeature.MotionBlur:0]]
[2018.12.08-13.11.47:429][  0]LogConfig: Setting CVar [[r.DefaultFeature.LensFlare:0]]
[2018.12.08-13.11.47:429][  0]LogConfig: Setting CVar [[r.TemporalAA.Upsampling:0]]
[2018.12.08-13.11.47:429][  0]LogConfig: Setting CVar [[r.DefaultFeature.AntiAliasing:0]]
[2018.12.08-13.11.47:429][  0]LogConfig: Setting CVar [[r.DefaultFeature.LightUnits:1]]
[2018.12.08-13.11.47:429][  0]LogConfig: Setting CVar [[r.DefaultBackBufferPixelFormat:4]]
[2018.12.08-13.11.47:429][  0]LogConfig: Setting CVar [[r.Shadow.UnbuiltPreviewInGame:1]]
[2018.12.08-13.11.47:429][  0]LogConfig: Setting CVar [[r.StencilForLODDither:0]]
[2018.12.08-13.11.47:429][  0]LogConfig: Setting CVar [[r.EarlyZPass:3]]
[2018.12.08-13.11.47:429][  0]LogConfig: Setting CVar [[r.EarlyZPassMovable:1]]
[2018.12.08-13.11.47:429][  0]LogConfig: Setting CVar [[r.EarlyZPassOnlyMaterialMasking:0]]
[2018.12.08-13.11.47:429][  0]LogConfig: Setting CVar [[r.DBuffer:1]]
[2018.12.08-13.11.47:429][  0]LogConfig: Setting CVar [[r.ClearSceneMethod:1]]
[2018.12.08-13.11.47:429][  0]LogConfig: Setting CVar [[r.BasePassOutputsVelocity:0]]
[2018.12.08-13.11.47:429][  0]LogConfig: Setting CVar [[r.SelectiveBasePassOutputs:0]]
[2018.12.08-13.11.47:429][  0]LogConfig: Setting CVar [[fx.GPUSimulationTextureSizeX:1024]]
[2018.12.08-13.11.47:429][  0]LogConfig: Setting CVar [[fx.GPUSimulationTextureSizeY:1024]]
[2018.12.08-13.11.47:429][  0]LogConfig: Setting CVar [[r.AllowGlobalClipPlane:0]]
[2018.12.08-13.11.47:429][  0]LogConfig: Setting CVar [[r.GBufferFormat:1]]
[2018.12.08-13.11.47:429][  0]LogConfig: Setting CVar [[r.MorphTarget.Mode:1]]
[2018.12.08-13.11.47:429][  0]LogConfig: Setting CVar [[vr.InstancedStereo:0]]
[2018.12.08-13.11.47:429][  0]LogConfig: Setting CVar [[vr.MultiView:0]]
[2018.12.08-13.11.47:429][  0]LogConfig: Setting CVar [[vr.MobileMultiView:0]]
[2018.12.08-13.11.47:429][  0]LogConfig: Setting CVar [[vr.MobileMultiView.Direct:0]]
[2018.12.08-13.11.47:429][  0]LogConfig: Setting CVar [[vr.MonoscopicFarField:0]]
[2018.12.08-13.11.47:429][  0]LogConfig: Setting CVar [[vr.RoundRobinOcclusion:0]]
[2018.12.08-13.11.47:429][  0]LogConfig: Setting CVar [[vr.ODSCapture:0]]
[2018.12.08-13.11.47:429][  0]LogConfig: Setting CVar [[r.WireframeCullThreshold:5.000000]]
[2018.12.08-13.11.47:429][  0]LogConfig: Setting CVar [[r.SupportStationarySkylight:1]]
[2018.12.08-13.11.47:429][  0]LogConfig: Setting CVar [[r.SupportLowQualityLightmaps:1]]
[2018.12.08-13.11.47:429][  0]LogConfig: Setting CVar [[r.SupportPointLightWholeSceneShadows:1]]
[2018.12.08-13.11.47:429][  0]LogConfig: Setting CVar [[r.SupportAtmosphericFog:1]]
[2018.12.08-13.11.47:429][  0]LogConfig: Setting CVar [[r.SkinCache.CompileShaders:0]]
[2018.12.08-13.11.47:429][  0]LogConfig: Setting CVar [[r.Mobile.EnableStaticAndCSMShadowReceivers:1]]
[2018.12.08-13.11.47:429][  0]LogConfig: Setting CVar [[r.Mobile.EnableMovableLightCSMShaderCulling:1]]
[2018.12.08-13.11.47:429][  0]LogConfig: Setting CVar [[r.Mobile.AllowDistanceFieldShadows:1]]
[2018.12.08-13.11.47:429][  0]LogConfig: Setting CVar [[r.Mobile.AllowMovableDirectionalLights:1]]
[2018.12.08-13.11.47:429][  0]LogConfig: Setting CVar [[r.MobileNumDynamicPointLights:4]]
[2018.12.08-13.11.47:429][  0]LogConfig: Setting CVar [[r.MobileDynamicPointLightsUseStaticBranch:1]]
[2018.12.08-13.11.47:429][  0]LogConfig: Setting CVar [[r.SkinCache.SceneMemoryLimitInMB:128.000000]]
[2018.12.08-13.11.47:429][  0]LogConfig: Setting CVar [[r.GPUSkin.Limit2BoneInfluences:0]]
[2018.12.08-13.11.47:429][  0]LogConfig: Setting CVar [[r.SupportDepthOnlyIndexBuffers:1]]
[2018.12.08-13.11.47:429][  0]LogConfig: Setting CVar [[r.SupportReversedIndexBuffers:1]]
[2018.12.08-13.11.47:429][  0]LogConfig: Setting CVar [[r.SupportMaterialLayers:0]]
[2018.12.08-13.11.47:429][  0]LogConfig: Applying CVar settings from Section [/Script/Engine.RendererOverrideSettings] File [D:/Danny/Unreal_engine/GitHub/Subway/Saved/Config/Windows/Engine.ini]
[2018.12.08-13.11.47:429][  0]LogConfig: Applying CVar settings from Section [/Script/Engine.StreamingSettings] File [D:/Danny/Unreal_engine/GitHub/Subway/Saved/Config/Windows/Engine.ini]
[2018.12.08-13.11.47:429][  0]LogConfig: Setting CVar [[s.MinBulkDataSizeForAsyncLoading:131072]]
[2018.12.08-13.11.47:429][  0]LogConfig: Setting CVar [[s.AsyncLoadingThreadEnabled:0]]
[2018.12.08-13.11.47:429][  0]LogConfig: Setting CVar [[s.EventDrivenLoaderEnabled:1]]
[2018.12.08-13.11.47:429][  0]LogConfig: Setting CVar [[s.WarnIfTimeLimitExceeded:0]]
[2018.12.08-13.11.47:429][  0]LogConfig: Setting CVar [[s.TimeLimitExceededMultiplier:1.5]]
[2018.12.08-13.11.47:429][  0]LogConfig: Setting CVar [[s.TimeLimitExceededMinTime:0.005]]
[2018.12.08-13.11.47:429][  0]LogConfig: Setting CVar [[s.UseBackgroundLevelStreaming:1]]
[2018.12.08-13.11.47:429][  0]LogConfig: Setting CVar [[s.PriorityAsyncLoadingExtraTime:15.0]]
[2018.12.08-13.11.47:429][  0]LogConfig: Setting CVar [[s.LevelStreamingActorsUpdateTimeLimit:5.0]]
[2018.12.08-13.11.47:429][  0]LogConfig: Setting CVar [[s.PriorityLevelStreamingActorsUpdateExtraTime:5.0]]
[2018.12.08-13.11.47:429][  0]LogConfig: Setting CVar [[s.LevelStreamingComponentsRegistrationGranularity:10]]
[2018.12.08-13.11.47:429][  0]LogConfig: Setting CVar [[s.UnregisterComponentsTimeLimit:1.0]]
[2018.12.08-13.11.47:429][  0]LogConfig: Setting CVar [[s.LevelStreamingComponentsUnregistrationGranularity:5]]
[2018.12.08-13.11.47:430][  0]LogConfig: Applying CVar settings from Section [/Script/Engine.GarbageCollectionSettings] File [D:/Danny/Unreal_engine/GitHub/Subway/Saved/Config/Windows/Engine.ini]
[2018.12.08-13.11.47:430][  0]LogConfig: Setting CVar [[gc.MaxObjectsNotConsideredByGC:1]]
[2018.12.08-13.11.47:430][  0]LogConfig: Setting CVar [[gc.SizeOfPermanentObjectPool:0]]
[2018.12.08-13.11.47:430][  0]LogConfig: Setting CVar [[gc.FlushStreamingOnGC:0]]
[2018.12.08-13.11.47:430][  0]LogConfig: Setting CVar [[gc.NumRetriesBeforeForcingGC:10]]
[2018.12.08-13.11.47:430][  0]LogConfig: Setting CVar [[gc.AllowParallelGC:1]]
[2018.12.08-13.11.47:430][  0]LogConfig: Setting CVar [[gc.TimeBetweenPurgingPendingKillObjects:61.1]]
[2018.12.08-13.11.47:430][  0]LogConfig: Setting CVar [[gc.MaxObjectsInEditor:8388607]]
[2018.12.08-13.11.47:430][  0]LogConfig: Setting CVar [[gc.IncrementalBeginDestroyEnabled:1]]
[2018.12.08-13.11.47:430][  0]LogConfig: Setting CVar [[gc.CreateGCClusters:1]]
[2018.12.08-13.11.47:430][  0]LogConfig: Setting CVar [[gc.MergeGCClusters:0]]
[2018.12.08-13.11.47:430][  0]LogConfig: Setting CVar [[gc.MinGCClusterSize:5]]
[2018.12.08-13.11.47:430][  0]LogConfig: Setting CVar [[gc.ActorClusteringEnabled:0]]
[2018.12.08-13.11.47:430][  0]LogConfig: Setting CVar [[gc.BlueprintClusteringEnabled:0]]
[2018.12.08-13.11.47:430][  0]LogConfig: Setting CVar [[gc.UseDisregardForGCOnDedicatedServers:0]]
[2018.12.08-13.11.47:430][  0]LogConfig: Applying CVar settings from Section [/Script/Engine.NetworkSettings] File [D:/Danny/Unreal_engine/GitHub/Subway/Saved/Config/Windows/Engine.ini]
[2018.12.08-13.11.47:430][  0]LogConfig: Applying CVar settings from Section [/Script/UnrealEd.CookerSettings] File [D:/Danny/Unreal_engine/GitHub/Subway/Saved/Config/Windows/Engine.ini]
[2018.12.08-13.11.47:433][  0]LogConfig: Applying CVar settings from Section [ViewDistanceQuality@3] File [D:/Danny/Unreal_engine/GitHub/Subway/Saved/Config/Windows/Scalability.ini]
[2018.12.08-13.11.47:433][  0]LogConfig: Setting CVar [[r.SkeletalMeshLODBias:0]]
[2018.12.08-13.11.47:433][  0]LogConfig: Setting CVar [[r.ViewDistanceScale:1.0]]
[2018.12.08-13.11.47:433][  0]LogConfig: Applying CVar settings from Section [AntiAliasingQuality@3] File [D:/Danny/Unreal_engine/GitHub/Subway/Saved/Config/Windows/Scalability.ini]
[2018.12.08-13.11.47:433][  0]LogConfig: Setting CVar [[r.PostProcessAAQuality:4]]
[2018.12.08-13.11.47:433][  0]LogConfig: Applying CVar settings from Section [ShadowQuality@3] File [D:/Danny/Unreal_engine/GitHub/Subway/Saved/Config/Windows/Scalability.ini]
[2018.12.08-13.11.47:433][  0]LogConfig: Setting CVar [[r.LightFunctionQuality:1]]
[2018.12.08-13.11.47:433][  0]LogConfig: Setting CVar [[r.ShadowQuality:5]]
[2018.12.08-13.11.47:433][  0]LogConfig: Setting CVar [[r.Shadow.CSM.MaxCascades:10]]
[2018.12.08-13.11.47:433][  0]LogConfig: Setting CVar [[r.Shadow.MaxResolution:2048]]
[2018.12.08-13.11.47:433][  0]LogConfig: Setting CVar [[r.Shadow.MaxCSMResolution:2048]]
[2018.12.08-13.11.47:433][  0]LogConfig: Setting CVar [[r.Shadow.RadiusThreshold:0.01]]
[2018.12.08-13.11.47:433][  0]LogConfig: Setting CVar [[r.Shadow.DistanceScale:1.0]]
[2018.12.08-13.11.47:433][  0]LogConfig: Setting CVar [[r.Shadow.CSM.TransitionScale:1.0]]
[2018.12.08-13.11.47:433][  0]LogConfig: Setting CVar [[r.Shadow.PreShadowResolutionFactor:1.0]]
[2018.12.08-13.11.47:433][  0]LogConfig: Setting CVar [[r.DistanceFieldShadowing:1]]
[2018.12.08-13.11.47:433][  0]LogConfig: Setting CVar [[r.DistanceFieldAO:1]]
[2018.12.08-13.11.47:433][  0]LogConfig: Setting CVar [[r.AOQuality:2]]
[2018.12.08-13.11.47:433][  0]LogConfig: Setting CVar [[r.VolumetricFog:1]]
[2018.12.08-13.11.47:433][  0]LogConfig: Setting CVar [[r.VolumetricFog.GridPixelSize:8]]
[2018.12.08-13.11.47:433][  0]LogConfig: Setting CVar [[r.VolumetricFog.GridSizeZ:128]]
[2018.12.08-13.11.47:433][  0]LogConfig: Setting CVar [[r.VolumetricFog.HistoryMissSupersampleCount:4]]
[2018.12.08-13.11.47:433][  0]LogConfig: Setting CVar [[r.LightMaxDrawDistanceScale:1]]
[2018.12.08-13.11.47:433][  0]LogConfig: Setting CVar [[r.CapsuleShadows:1]]
[2018.12.08-13.11.47:433][  0]LogConfig: Applying CVar settings from Section [PostProcessQuality@3] File [D:/Danny/Unreal_engine/GitHub/Subway/Saved/Config/Windows/Scalability.ini]
[2018.12.08-13.11.47:433][  0]LogConfig: Setting CVar [[r.MotionBlurQuality:4]]
[2018.12.08-13.11.47:433][  0]LogConfig: Setting CVar [[r.AmbientOcclusionMipLevelFactor:0.4]]
[2018.12.08-13.11.47:433][  0]LogConfig: Setting CVar [[r.AmbientOcclusionMaxQuality:100]]
[2018.12.08-13.11.47:433][  0]LogConfig: Setting CVar [[r.AmbientOcclusionLevels:-1]]
[2018.12.08-13.11.47:433][  0]LogConfig: Setting CVar [[r.AmbientOcclusionRadiusScale:1.0]]
[2018.12.08-13.11.47:433][  0]LogConfig: Setting CVar [[r.DepthOfFieldQuality:2]]
[2018.12.08-13.11.47:433][  0]LogConfig: Setting CVar [[r.RenderTargetPoolMin:400]]
[2018.12.08-13.11.47:433][  0]LogConfig: Setting CVar [[r.LensFlareQuality:2]]
[2018.12.08-13.11.47:433][  0]LogConfig: Setting CVar [[r.SceneColorFringeQuality:1]]
[2018.12.08-13.11.47:433][  0]LogConfig: Setting CVar [[r.EyeAdaptationQuality:2]]
[2018.12.08-13.11.47:433][  0]LogConfig: Setting CVar [[r.BloomQuality:5]]
[2018.12.08-13.11.47:433][  0]LogConfig: Setting CVar [[r.FastBlurThreshold:100]]
[2018.12.08-13.11.47:433][  0]LogConfig: Setting CVar [[r.Upscale.Quality:3]]
[2018.12.08-13.11.47:433][  0]LogConfig: Setting CVar [[r.Tonemapper.GrainQuantization:1]]
[2018.12.08-13.11.47:433][  0]LogConfig: Setting CVar [[r.LightShaftQuality:1]]
[2018.12.08-13.11.47:433][  0]LogConfig: Setting CVar [[r.Filter.SizeScale:1]]
[2018.12.08-13.11.47:433][  0]LogConfig: Setting CVar [[r.Tonemapper.Quality:5]]
[2018.12.08-13.11.47:433][  0]LogConfig: Setting CVar [[r.DOF.Gather.AccumulatorQuality:1        ; higher gathering accumulator quality]]
[2018.12.08-13.11.47:433][  0]LogConfig: Setting CVar [[r.DOF.Gather.PostfilterMethod:1          ; Median3x3 postfilering method]]
[2018.12.08-13.11.47:433][  0]LogConfig: Setting CVar [[r.DOF.Gather.EnableBokehSettings:0       ; no bokeh simulation when gathering]]
[2018.12.08-13.11.47:433][  0]LogConfig: Setting CVar [[r.DOF.Gather.RingCount:4                 ; medium number of samples when gathering]]
[2018.12.08-13.11.47:433][  0]LogConfig: Setting CVar [[r.DOF.Scatter.ForegroundCompositing:1    ; additive foreground scattering]]
[2018.12.08-13.11.47:433][  0]LogConfig: Setting CVar [[r.DOF.Scatter.BackgroundCompositing:2    ; additive background scattering]]
[2018.12.08-13.11.47:433][  0]LogConfig: Setting CVar [[r.DOF.Scatter.EnableBokehSettings:1      ; bokeh simulation when scattering]]
[2018.12.08-13.11.47:433][  0]LogConfig: Setting CVar [[r.DOF.Scatter.MaxSpriteRatio:0.1         ; only a maximum of 10% of scattered bokeh]]
[2018.12.08-13.11.47:433][  0]LogConfig: Setting CVar [[r.DOF.Recombine.Quality:1                ; cheap slight out of focus]]
[2018.12.08-13.11.47:433][  0]LogConfig: Setting CVar [[r.DOF.Recombine.EnableBokehSettings:0    ; no bokeh simulation on slight out of focus]]
[2018.12.08-13.11.47:433][  0]LogConfig: Setting CVar [[r.DOF.TemporalAAQuality:1                ; more stable temporal accumulation]]
[2018.12.08-13.11.47:433][  0]LogConfig: Setting CVar [[r.DOF.Kernel.MaxForegroundRadius:0.025]]
[2018.12.08-13.11.47:434][  0]LogConfig: Setting CVar [[r.DOF.Kernel.MaxBackgroundRadius:0.025]]
[2018.12.08-13.11.47:434][  0]LogConfig: Applying CVar settings from Section [TextureQuality@3] File [D:/Danny/Unreal_engine/GitHub/Subway/Saved/Config/Windows/Scalability.ini]
[2018.12.08-13.11.47:434][  0]LogConfig: Setting CVar [[r.Streaming.MipBias:0]]
[2018.12.08-13.11.47:434][  0]LogConfig: Setting CVar [[r.Streaming.AmortizeCPUToGPUCopy:0]]
[2018.12.08-13.11.47:434][  0]LogConfig: Setting CVar [[r.Streaming.MaxNumTexturesToStreamPerFrame:0]]
[2018.12.08-13.11.47:434][  0]LogConfig: Setting CVar [[r.Streaming.Boost:1]]
[2018.12.08-13.11.47:434][  0]LogConfig: Setting CVar [[r.MaxAnisotropy:8]]
[2018.12.08-13.11.47:434][  0]LogConfig: Setting CVar [[r.Streaming.LimitPoolSizeToVRAM:0]]
[2018.12.08-13.11.47:434][  0]LogConfig: Setting CVar [[r.Streaming.PoolSize:1000]]
[2018.12.08-13.11.47:434][  0]LogConfig: Setting CVar [[r.Streaming.MaxEffectiveScreenSize:0]]
[2018.12.08-13.11.47:434][  0]LogConfig: Applying CVar settings from Section [EffectsQuality@3] File [D:/Danny/Unreal_engine/GitHub/Subway/Saved/Config/Windows/Scalability.ini]
[2018.12.08-13.11.47:434][  0]LogConfig: Setting CVar [[r.TranslucencyLightingVolumeDim:64]]
[2018.12.08-13.11.47:434][  0]LogConfig: Setting CVar [[r.RefractionQuality:2]]
[2018.12.08-13.11.47:434][  0]LogConfig: Setting CVar [[r.SSR.Quality:3]]
[2018.12.08-13.11.47:434][  0]LogConfig: Setting CVar [[r.SceneColorFormat:4]]
[2018.12.08-13.11.47:434][  0]LogConfig: Setting CVar [[r.DetailMode:2]]
[2018.12.08-13.11.47:434][  0]LogConfig: Setting CVar [[r.TranslucencyVolumeBlur:1]]
[2018.12.08-13.11.47:434][  0]LogConfig: Setting CVar [[r.MaterialQualityLevel:1 ; High quality]]
[2018.12.08-13.11.47:434][  0]LogConfig: Setting CVar [[r.SSS.Scale:1]]
[2018.12.08-13.11.47:434][  0]LogConfig: Setting CVar [[r.SSS.SampleSet:2]]
[2018.12.08-13.11.47:434][  0]LogConfig: Setting CVar [[r.SSS.Quality:1]]
[2018.12.08-13.11.47:434][  0]LogConfig: Setting CVar [[r.SSS.HalfRes:1]]
[2018.12.08-13.11.47:434][  0]LogConfig: Setting CVar [[r.EmitterSpawnRateScale:1.0]]
[2018.12.08-13.11.47:434][  0]LogConfig: Setting CVar [[r.ParticleLightQuality:2]]
[2018.12.08-13.11.47:434][  0]LogConfig: Applying CVar settings from Section [FoliageQuality@3] File [D:/Danny/Unreal_engine/GitHub/Subway/Saved/Config/Windows/Scalability.ini]
[2018.12.08-13.11.47:434][  0]LogConfig: Setting CVar [[foliage.DensityScale:1.0]]
[2018.12.08-13.11.47:434][  0]LogConfig: Setting CVar [[grass.DensityScale:1.0]]
[2018.12.08-13.11.47:434][  0]LogInit: Selected Device Profile: [Windows]
[2018.12.08-13.11.47:434][  0]LogInit: Applying CVar settings loaded from the selected device profile: [Windows]
[2018.12.08-13.11.47:447][  0]LogHAL: Display: Platform has ~ 16 GB [17010753536 / 17179869184 / 16], which maps to Larger [LargestMinGB=32, LargerMinGB=12, DefaultMinGB=8, SmallerMinGB=6, SmallestMinGB=0)
[2018.12.08-13.11.47:447][  0]LogConfig: Setting CVar [[r.Vulkan.UseRealUBs:1]]
[2018.12.08-13.11.47:447][  0]LogInit: Going up to parent DeviceProfile []
[2018.12.08-13.11.47:447][  0]LogConfig: Applying CVar settings from Section [ViewDistanceQuality@3] File [D:/Danny/Unreal_engine/GitHub/Subway/Saved/Config/Windows/Scalability.ini]
[2018.12.08-13.11.47:447][  0]LogConfig: Setting CVar [[r.SkeletalMeshLODBias:0]]
[2018.12.08-13.11.47:447][  0]LogConfig: Setting CVar [[r.ViewDistanceScale:1.0]]
[2018.12.08-13.11.47:447][  0]LogConfig: Applying CVar settings from Section [AntiAliasingQuality@3] File [D:/Danny/Unreal_engine/GitHub/Subway/Saved/Config/Windows/Scalability.ini]
[2018.12.08-13.11.47:447][  0]LogConfig: Setting CVar [[r.PostProcessAAQuality:4]]
[2018.12.08-13.11.47:447][  0]LogConfig: Applying CVar settings from Section [ShadowQuality@3] File [D:/Danny/Unreal_engine/GitHub/Subway/Saved/Config/Windows/Scalability.ini]
[2018.12.08-13.11.47:447][  0]LogConfig: Setting CVar [[r.LightFunctionQuality:1]]
[2018.12.08-13.11.47:447][  0]LogConfig: Setting CVar [[r.ShadowQuality:5]]
[2018.12.08-13.11.47:447][  0]LogConfig: Setting CVar [[r.Shadow.CSM.MaxCascades:10]]
[2018.12.08-13.11.47:447][  0]LogConfig: Setting CVar [[r.Shadow.MaxResolution:2048]]
[2018.12.08-13.11.47:447][  0]LogConfig: Setting CVar [[r.Shadow.MaxCSMResolution:2048]]
[2018.12.08-13.11.47:447][  0]LogConfig: Setting CVar [[r.Shadow.RadiusThreshold:0.01]]
[2018.12.08-13.11.47:447][  0]LogConfig: Setting CVar [[r.Shadow.DistanceScale:1.0]]
[2018.12.08-13.11.47:447][  0]LogConfig: Setting CVar [[r.Shadow.CSM.TransitionScale:1.0]]
[2018.12.08-13.11.47:447][  0]LogConfig: Setting CVar [[r.Shadow.PreShadowResolutionFactor:1.0]]
[2018.12.08-13.11.47:447][  0]LogConfig: Setting CVar [[r.DistanceFieldShadowing:1]]
[2018.12.08-13.11.47:447][  0]LogConfig: Setting CVar [[r.DistanceFieldAO:1]]
[2018.12.08-13.11.47:447][  0]LogConfig: Setting CVar [[r.AOQuality:2]]
[2018.12.08-13.11.47:447][  0]LogConfig: Setting CVar [[r.VolumetricFog:1]]
[2018.12.08-13.11.47:447][  0]LogConfig: Setting CVar [[r.VolumetricFog.GridPixelSize:8]]
[2018.12.08-13.11.47:447][  0]LogConfig: Setting CVar [[r.VolumetricFog.GridSizeZ:128]]
[2018.12.08-13.11.47:447][  0]LogConfig: Setting CVar [[r.VolumetricFog.HistoryMissSupersampleCount:4]]
[2018.12.08-13.11.47:447][  0]LogConfig: Setting CVar [[r.LightMaxDrawDistanceScale:1]]
[2018.12.08-13.11.47:447][  0]LogConfig: Setting CVar [[r.CapsuleShadows:1]]
[2018.12.08-13.11.47:447][  0]LogConfig: Applying CVar settings from Section [PostProcessQuality@3] File [D:/Danny/Unreal_engine/GitHub/Subway/Saved/Config/Windows/Scalability.ini]
[2018.12.08-13.11.47:447][  0]LogConfig: Setting CVar [[r.MotionBlurQuality:4]]
[2018.12.08-13.11.47:447][  0]LogConfig: Setting CVar [[r.AmbientOcclusionMipLevelFactor:0.4]]
[2018.12.08-13.11.47:447][  0]LogConfig: Setting CVar [[r.AmbientOcclusionMaxQuality:100]]
[2018.12.08-13.11.47:447][  0]LogConfig: Setting CVar [[r.AmbientOcclusionLevels:-1]]
[2018.12.08-13.11.47:447][  0]LogConfig: Setting CVar [[r.AmbientOcclusionRadiusScale:1.0]]
[2018.12.08-13.11.47:447][  0]LogConfig: Setting CVar [[r.DepthOfFieldQuality:2]]
[2018.12.08-13.11.47:448][  0]LogConfig: Setting CVar [[r.RenderTargetPoolMin:400]]
[2018.12.08-13.11.47:448][  0]LogConfig: Setting CVar [[r.LensFlareQuality:2]]
[2018.12.08-13.11.47:448][  0]LogConfig: Setting CVar [[r.SceneColorFringeQuality:1]]
[2018.12.08-13.11.47:448][  0]LogConfig: Setting CVar [[r.EyeAdaptationQuality:2]]
[2018.12.08-13.11.47:448][  0]LogConfig: Setting CVar [[r.BloomQuality:5]]
[2018.12.08-13.11.47:448][  0]LogConfig: Setting CVar [[r.FastBlurThreshold:100]]
[2018.12.08-13.11.47:448][  0]LogConfig: Setting CVar [[r.Upscale.Quality:3]]
[2018.12.08-13.11.47:448][  0]LogConfig: Setting CVar [[r.Tonemapper.GrainQuantization:1]]
[2018.12.08-13.11.47:448][  0]LogConfig: Setting CVar [[r.LightShaftQuality:1]]
[2018.12.08-13.11.47:448][  0]LogConfig: Setting CVar [[r.Filter.SizeScale:1]]
[2018.12.08-13.11.47:448][  0]LogConfig: Setting CVar [[r.Tonemapper.Quality:5]]
[2018.12.08-13.11.47:448][  0]LogConfig: Setting CVar [[r.DOF.Gather.AccumulatorQuality:1        ; higher gathering accumulator quality]]
[2018.12.08-13.11.47:448][  0]LogConfig: Setting CVar [[r.DOF.Gather.PostfilterMethod:1          ; Median3x3 postfilering method]]
[2018.12.08-13.11.47:448][  0]LogConfig: Setting CVar [[r.DOF.Gather.EnableBokehSettings:0       ; no bokeh simulation when gathering]]
[2018.12.08-13.11.47:448][  0]LogConfig: Setting CVar [[r.DOF.Gather.RingCount:4                 ; medium number of samples when gathering]]
[2018.12.08-13.11.47:448][  0]LogConfig: Setting CVar [[r.DOF.Scatter.ForegroundCompositing:1    ; additive foreground scattering]]
[2018.12.08-13.11.47:448][  0]LogConfig: Setting CVar [[r.DOF.Scatter.BackgroundCompositing:2    ; additive background scattering]]
[2018.12.08-13.11.47:448][  0]LogConfig: Setting CVar [[r.DOF.Scatter.EnableBokehSettings:1      ; bokeh simulation when scattering]]
[2018.12.08-13.11.47:448][  0]LogConfig: Setting CVar [[r.DOF.Scatter.MaxSpriteRatio:0.1         ; only a maximum of 10% of scattered bokeh]]
[2018.12.08-13.11.47:448][  0]LogConfig: Setting CVar [[r.DOF.Recombine.Quality:1                ; cheap slight out of focus]]
[2018.12.08-13.11.47:448][  0]LogConfig: Setting CVar [[r.DOF.Recombine.EnableBokehSettings:0    ; no bokeh simulation on slight out of focus]]
[2018.12.08-13.11.47:448][  0]LogConfig: Setting CVar [[r.DOF.TemporalAAQuality:1                ; more stable temporal accumulation]]
[2018.12.08-13.11.47:448][  0]LogConfig: Setting CVar [[r.DOF.Kernel.MaxForegroundRadius:0.025]]
[2018.12.08-13.11.47:448][  0]LogConfig: Setting CVar [[r.DOF.Kernel.MaxBackgroundRadius:0.025]]
[2018.12.08-13.11.47:448][  0]LogConfig: Applying CVar settings from Section [TextureQuality@3] File [D:/Danny/Unreal_engine/GitHub/Subway/Saved/Config/Windows/Scalability.ini]
[2018.12.08-13.11.47:448][  0]LogConfig: Setting CVar [[r.Streaming.MipBias:0]]
[2018.12.08-13.11.47:448][  0]LogConfig: Setting CVar [[r.Streaming.AmortizeCPUToGPUCopy:0]]
[2018.12.08-13.11.47:448][  0]LogConfig: Setting CVar [[r.Streaming.MaxNumTexturesToStreamPerFrame:0]]
[2018.12.08-13.11.47:448][  0]LogConfig: Setting CVar [[r.Streaming.Boost:1]]
[2018.12.08-13.11.47:448][  0]LogConfig: Setting CVar [[r.MaxAnisotropy:8]]
[2018.12.08-13.11.47:448][  0]LogConfig: Setting CVar [[r.Streaming.LimitPoolSizeToVRAM:0]]
[2018.12.08-13.11.47:448][  0]LogConfig: Setting CVar [[r.Streaming.PoolSize:1000]]
[2018.12.08-13.11.47:448][  0]LogConfig: Setting CVar [[r.Streaming.MaxEffectiveScreenSize:0]]
[2018.12.08-13.11.47:448][  0]LogConfig: Applying CVar settings from Section [EffectsQuality@3] File [D:/Danny/Unreal_engine/GitHub/Subway/Saved/Config/Windows/Scalability.ini]
[2018.12.08-13.11.47:448][  0]LogConfig: Setting CVar [[r.TranslucencyLightingVolumeDim:64]]
[2018.12.08-13.11.47:448][  0]LogConfig: Setting CVar [[r.RefractionQuality:2]]
[2018.12.08-13.11.47:448][  0]LogConfig: Setting CVar [[r.SSR.Quality:3]]
[2018.12.08-13.11.47:448][  0]LogConfig: Setting CVar [[r.SceneColorFormat:4]]
[2018.12.08-13.11.47:448][  0]LogConfig: Setting CVar [[r.DetailMode:2]]
[2018.12.08-13.11.47:448][  0]LogConfig: Setting CVar [[r.TranslucencyVolumeBlur:1]]
[2018.12.08-13.11.47:448][  0]LogConfig: Setting CVar [[r.MaterialQualityLevel:1 ; High quality]]
[2018.12.08-13.11.47:448][  0]LogConfig: Setting CVar [[r.SSS.Scale:1]]
[2018.12.08-13.11.47:448][  0]LogConfig: Setting CVar [[r.SSS.SampleSet:2]]
[2018.12.08-13.11.47:448][  0]LogConfig: Setting CVar [[r.SSS.Quality:1]]
[2018.12.08-13.11.47:448][  0]LogConfig: Setting CVar [[r.SSS.HalfRes:1]]
[2018.12.08-13.11.47:448][  0]LogConfig: Setting CVar [[r.EmitterSpawnRateScale:1.0]]
[2018.12.08-13.11.47:448][  0]LogConfig: Setting CVar [[r.ParticleLightQuality:2]]
[2018.12.08-13.11.47:448][  0]LogConfig: Applying CVar settings from Section [FoliageQuality@3] File [D:/Danny/Unreal_engine/GitHub/Subway/Saved/Config/Windows/Scalability.ini]
[2018.12.08-13.11.47:449][  0]LogConfig: Setting CVar [[foliage.DensityScale:1.0]]
[2018.12.08-13.11.47:449][  0]LogConfig: Setting CVar [[grass.DensityScale:1.0]]
[2018.12.08-13.11.47:449][  0]LogConfig: Applying CVar settings from Section [Startup] File [../../../Engine/Config/ConsoleVariables.ini]
[2018.12.08-13.11.47:449][  0]LogConfig: Setting CVar [[net.UseAdaptiveNetUpdateFrequency:0]]
[2018.12.08-13.11.47:449][  0]LogConfig: Applying CVar settings from Section [ConsoleVariables] File [D:/Danny/Unreal_engine/GitHub/Subway/Saved/Config/Windows/Engine.ini]
[2018.12.08-13.11.47:450][  0]LogInit: Computer: DESKTOP-SCQ5QNN
[2018.12.08-13.11.47:450][  0]LogInit: User: Dan
[2018.12.08-13.11.47:450][  0]LogInit: CPU Page size=4096, Cores=4
[2018.12.08-13.11.47:450][  0]LogInit: High frequency timer resolution =2.531253 MHz
[2018.12.08-13.11.47:450][  0]LogMemory: Memory total: Physical=15.8GB (16GB approx)
[2018.12.08-13.11.47:450][  0]LogMemory: Platform Memory Stats for Windows
[2018.12.08-13.11.47:450][  0]LogMemory: Process Physical Memory: 102.39 MB used, 102.39 MB peak
[2018.12.08-13.11.47:450][  0]LogMemory: Process Virtual Memory: 91.47 MB used, 91.47 MB peak
[2018.12.08-13.11.47:450][  0]LogMemory: Physical Memory: 5963.03 MB used,  10259.69 MB free, 16222.72 MB total
[2018.12.08-13.11.47:450][  0]LogMemory: Virtual Memory: 4652.71 MB used,  134213072.00 MB free, 134217728.00 MB total
[2018.12.08-13.11.47:482][  0]LogInit: Using OS detected language (en-US).
[2018.12.08-13.11.47:482][  0]LogInit: Using OS detected locale (en-US).
[2018.12.08-13.11.47:483][  0]LogTextLocalizationManager: No specific localization for 'en-US' exists, so the 'en' localization will be used.
[2018.12.08-13.11.47:878][  0]LogStreaming: Display: Took  0.396s to InitEngineTextLocalization.
[2018.12.08-13.11.47:879][  0]LogInit: Setting process to per monitor DPI aware
[2018.12.08-13.11.47:914][  0]LogSlate: New Slate User Created.  User Index 0, Is Virtual User: 0
[2018.12.08-13.11.47:914][  0]LogSlate: Slate User Registered.  User Index 0, Is Virtual User: 0
[2018.12.08-13.11.48:510][  0]LogHMD: Failed to initialize OpenVR with code 110
[2018.12.08-13.11.48:510][  0]LogD3D11RHI: D3D11 adapters:
[2018.12.08-13.11.48:872][  0]LogD3D11RHI:    0. 'NVIDIA GeForce GTX 950M' (Feature Level 11_0)
[2018.12.08-13.11.48:872][  0]LogD3D11RHI:       4055/0/8111 MB DedicatedVideo/DedicatedSystem/SharedSystem, Outputs:1, VendorId:0x10de
[2018.12.08-13.11.48:881][  0]LogD3D11RHI:    1. 'Intel(R) HD Graphics 530' (Feature Level 11_0)
[2018.12.08-13.11.48:881][  0]LogD3D11RHI:       128/0/8111 MB DedicatedVideo/DedicatedSystem/SharedSystem, Outputs:0, VendorId:0x8086
[2018.12.08-13.11.48:884][  0]LogD3D11RHI:    2. 'Microsoft Basic Render Driver' (Feature Level 11_0)
[2018.12.08-13.11.48:884][  0]LogD3D11RHI:       0/0/8111 MB DedicatedVideo/DedicatedSystem/SharedSystem, Outputs:0, VendorId:0x1414
[2018.12.08-13.11.48:884][  0]LogD3D11RHI: Chosen D3D11 Adapter: 0
[2018.12.08-13.11.48:902][  0]LogD3D11RHI: Creating new Direct3DDevice
[2018.12.08-13.11.48:903][  0]LogD3D11RHI:     GPU DeviceId: 0x139a (for the marketing name, search the web for "GPU Device Id")
[2018.12.08-13.11.48:903][  0]LogWindows: EnumDisplayDevices:
[2018.12.08-13.11.48:903][  0]LogWindows:    0. 'Intel(R) HD Graphics 530' (P:1 D:1)
[2018.12.08-13.11.48:903][  0]LogWindows:    1. 'Intel(R) HD Graphics 530' (P:0 D:0)
[2018.12.08-13.11.48:903][  0]LogWindows:    2. 'Intel(R) HD Graphics 530' (P:0 D:0)
[2018.12.08-13.11.48:903][  0]LogWindows:    3. 'VNC Mirror Driver' (P:0 D:0)
[2018.12.08-13.11.48:903][  0]LogWindows: DebugString: PrimaryIsNotTheChoosenAdapter PrimaryIsNotTheChoosenAdapter PrimaryIsNotTheChoosenAdapter GetVideoDriverDetailsInvalid PrimaryIsNotTheChoosenAdapter FoundDriverCount:0 
[2018.12.08-13.11.48:903][  0]LogD3D11RHI:     Adapter Name: NVIDIA GeForce GTX 950M
[2018.12.08-13.11.48:903][  0]LogD3D11RHI:   Driver Version: Unknown (internal:Unknown, unified:Unknown)
[2018.12.08-13.11.48:903][  0]LogD3D11RHI:      Driver Date: Unknown
[2018.12.08-13.11.48:903][  0]LogRHI: Texture pool is 2839 MB (70% of 4055 MB)
[2018.12.08-13.11.48:949][  0]LogD3D11RHI: Async texture creation enabled
[2018.12.08-13.11.48:967][  0]LogD3D11RHI: GPU Timing Frequency: 1000.000000 (Debug: 2 2)
[2018.12.08-13.11.49:309][  0]LogTemp: Display: Loaded TP AllDesktopTargetPlatform
[2018.12.08-13.11.49:323][  0]LogTemp: Display: Loaded TP MacClientTargetPlatform
[2018.12.08-13.11.49:338][  0]LogTemp: Display: Loaded TP MacNoEditorTargetPlatform
[2018.12.08-13.11.49:353][  0]LogTemp: Display: Loaded TP MacServerTargetPlatform
[2018.12.08-13.11.49:369][  0]LogTemp: Display: Loaded TP MacTargetPlatform
[2018.12.08-13.11.49:385][  0]LogTemp: Display: Loaded TP WindowsClientTargetPlatform
[2018.12.08-13.11.49:400][  0]LogTemp: Display: Loaded TP WindowsNoEditorTargetPlatform
[2018.12.08-13.11.49:414][  0]LogTemp: Display: Loaded TP WindowsServerTargetPlatform
[2018.12.08-13.11.49:421][  0]LogTemp: Display: Loaded TP WindowsTargetPlatform
[2018.12.08-13.11.49:501][  0]LogTemp: Display: Loaded TP AndroidTargetPlatform
[2018.12.08-13.11.49:501][  0]LogTemp: Display: Loaded TP AndroidTargetPlatform
[2018.12.08-13.11.49:501][  0]LogTemp: Display: Loaded TP AndroidTargetPlatform
[2018.12.08-13.11.49:501][  0]LogTemp: Display: Loaded TP AndroidTargetPlatform
[2018.12.08-13.11.49:501][  0]LogTemp: Display: Loaded TP AndroidTargetPlatform
[2018.12.08-13.11.49:501][  0]LogTemp: Display: Loaded TP AndroidTargetPlatform
[2018.12.08-13.11.49:501][  0]LogTemp: Display: Loaded TP AndroidTargetPlatform
[2018.12.08-13.11.49:501][  0]LogTemp: Display: Loaded TP AndroidTargetPlatform
[2018.12.08-13.11.49:501][  0]LogTemp: Display: Loaded TP AndroidTargetPlatform
[2018.12.08-13.11.49:501][  0]LogTemp: Display: Loaded TP AndroidTargetPlatform
[2018.12.08-13.11.49:501][  0]LogTemp: Display: Loaded TP AndroidTargetPlatform
[2018.12.08-13.11.49:501][  0]LogTemp: Display: Loaded TP AndroidTargetPlatform
[2018.12.08-13.11.49:501][  0]LogTemp: Display: Loaded TP AndroidTargetPlatform
[2018.12.08-13.11.49:501][  0]LogTemp: Display: Loaded TP AndroidTargetPlatform
[2018.12.08-13.11.49:501][  0]LogTemp: Display: Loaded TP AndroidTargetPlatform
[2018.12.08-13.11.49:501][  0]LogTemp: Display: Loaded TP AndroidTargetPlatform
[2018.12.08-13.11.49:501][  0]LogTemp: Display: Loaded TP AndroidTargetPlatform
[2018.12.08-13.11.49:501][  0]LogTemp: Display: Loaded TP AndroidTargetPlatform
[2018.12.08-13.11.49:503][  0]LogTemp: Display: Loaded TP HTML5TargetPlatform
[2018.12.08-13.11.49:568][  0]LogTemp: Display: Loaded TP IOSTargetPlatform
[2018.12.08-13.11.49:568][  0]LogTemp: Display: Loaded TP IOSTargetPlatform
[2018.12.08-13.11.49:594][  0]LogTemp: Display: Loaded TP TVOSTargetPlatform
[2018.12.08-13.11.49:594][  0]LogTemp: Display: Loaded TP TVOSTargetPlatform
[2018.12.08-13.11.49:607][  0]LogTemp: Display: Loaded TP LinuxClientTargetPlatform
[2018.12.08-13.11.49:621][  0]LogTemp: Display: Loaded TP LinuxNoEditorTargetPlatform
[2018.12.08-13.11.49:635][  0]LogTemp: Display: Loaded TP LinuxServerTargetPlatform
[2018.12.08-13.11.49:650][  0]LogTemp: Display: Loaded TP LinuxTargetPlatform
[2018.12.08-13.11.49:698][  0]LogTemp: Display: Loaded TP LuminTargetPlatform
[2018.12.08-13.11.49:698][  0]LogTemp: Display: Loaded TP LuminTargetPlatform
[2018.12.08-13.11.49:698][  0]LogTargetPlatformManager: Display: Building Assets For Windows
[2018.12.08-13.11.49:769][  0]LogShaderCompilers: Guid format shader working directory is -8 characters bigger than the processId version (../../../../../../Danny/Unreal_engine/GitHub/Subway/Intermediate/Shaders/WorkingDirectory/12408/).
[2018.12.08-13.11.49:769][  0]LogShaderCompilers: Cleaned the shader compiler working directory 'C:/Users/Dan/AppData/Local/Temp/UnrealShaderWorkingDir/8B293BDC46F104BC6E88F580B0EF0800/'.
[2018.12.08-13.11.49:770][  0]LogXGEController: Cleaning working directory: C:/Users/Dan/AppData/Local/Temp/UnrealXGEWorkingDir/
[2018.12.08-13.11.49:771][  0]LogXGEController: Cannot use XGE Controller as Incredibuild is not installed on this machine.
[2018.12.08-13.11.49:771][  0]LogShaderCompilers: Cannot use XGE Shader Compiler as Incredibuild is not installed on this machine.
[2018.12.08-13.11.49:771][  0]LogShaderCompilers: Display: Using Local Shader Compiler.
[2018.12.08-13.11.50:394][  0]LogDerivedDataCache: Display: Max Cache Size: 512 MB
[2018.12.08-13.11.50:445][  0]LogDerivedDataCache: Loaded boot cache 0.05s 71MB C:/Users/Dan/AppData/Local/UnrealEngine/4.21/DerivedDataCache/Boot.ddc.
[2018.12.08-13.11.50:445][  0]LogDerivedDataCache: Display: Loaded Boot cache: C:/Users/Dan/AppData/Local/UnrealEngine/4.21/DerivedDataCache/Boot.ddc
[2018.12.08-13.11.50:445][  0]LogDerivedDataCache: FDerivedDataBackendGraph:  Pak pak cache file ../../../../../../Danny/Unreal_engine/GitHub/Subway/DerivedDataCache/DDC.ddp not found, will not use a pak cache.
[2018.12.08-13.11.50:445][  0]LogDerivedDataCache: Unable to find inner node Pak for hierarchical cache Hierarchy.
[2018.12.08-13.11.50:445][  0]LogDerivedDataCache: FDerivedDataBackendGraph:  CompressedPak pak cache file ../../../../../../Danny/Unreal_engine/GitHub/Subway/DerivedDataCache/Compressed.ddp not found, will not use a pak cache.
[2018.12.08-13.11.50:445][  0]LogDerivedDataCache: Unable to find inner node CompressedPak for hierarchical cache Hierarchy.
[2018.12.08-13.11.50:460][  0]LogDerivedDataCache: Display: Pak cache opened for reading ../../../Engine/DerivedDataCache/Compressed.ddp.
[2018.12.08-13.11.50:460][  0]LogDerivedDataCache: FDerivedDataBackendGraph:  EnterprisePak pak cache file ../../../Enterprise/DerivedDataCache/Compressed.ddp not found, will not use a pak cache.
[2018.12.08-13.11.50:460][  0]LogDerivedDataCache: Unable to find inner node EnterprisePak for hierarchical cache Hierarchy.
[2018.12.08-13.11.50:472][  0]LogDerivedDataCache: Using Local data cache path C:/Users/Dan/AppData/Local/UnrealEngine/Common/DerivedDataCache: Writable
[2018.12.08-13.11.50:472][  0]LogDerivedDataCache: Shared data cache path not found in *engine.ini, will not use an Shared cache.
[2018.12.08-13.11.50:472][  0]LogDerivedDataCache: Unable to find inner node Shared for hierarchical cache Hierarchy.
[2018.12.08-13.11.50:500][  0]LogMaterial: Verifying Global Shaders for PCD3D_SM5
[2018.12.08-13.11.50:501][  0]LogSlate: Using FreeType 2.6.0
[2018.12.08-13.11.50:503][  0]LogSlate: SlateFontServices - WITH_FREETYPE: 1, WITH_HARFBUZZ: 1
[2018.12.08-13.11.50:656][  0]LogAssetRegistry: FAssetRegistry took 0.0347 seconds to start up
[2018.12.08-13.11.51:003][  0]LogInit: Selected Device Profile: [Windows]
[2018.12.08-13.11.51:196][  0]LogSimplygon: Simplygon DLL not present - disabling.
[2018.12.08-13.11.51:201][  0]LogMeshReduction: Using SimplygonSwarm for distributed automatic mesh merging
[2018.12.08-13.11.51:201][  0]LogMeshReduction: Using ProxyLODMeshReduction for automatic mesh merging
[2018.12.08-13.11.51:201][  0]LogMeshReduction: Using QuadricMeshReduction for automatic static mesh reduction
[2018.12.08-13.11.51:201][  0]LogMeshReduction: No automatic skeletal mesh reduction module available
[2018.12.08-13.11.51:217][  0]LogNetVersion: SubwaySurf 1.0.0, NetCL: 4541578, EngineNetVer: 5, GameNetVer: 0 (Checksum: 2048164579)
[2018.12.08-13.11.51:880][  0]LogPackageLocalizationCache: Processed 11 localized package path(s) for 2 prioritized culture(s) in 0.101431 seconds
[2018.12.08-13.11.51:885][  0]LogUObjectArray: 39775 objects as part of root set at end of initial load.
[2018.12.08-13.11.51:885][  0]LogUObjectAllocator: 6914664 out of 0 bytes used by permanent object pool.
[2018.12.08-13.11.51:885][  0]LogUObjectArray: CloseDisregardForGC: 0/0 objects in disregard for GC pool
[2018.12.08-13.11.53:443][  0]LogTcpMessaging: Initializing TcpMessaging bridge
[2018.12.08-13.11.53:459][  0]LogUdpMessaging: Initializing bridge on interface 0.0.0.0:0 to multicast group 230.0.0.1:6666.
[2018.12.08-13.11.54:926][  0]SourceControl: Source control is disabled
[2018.12.08-13.11.55:461][  0]LogAndroidPermission: UAndroidPermissionCallbackProxy::GetInstance
[2018.12.08-13.11.55:518][  0]LogOcInput: OculusInput pre-init called
[2018.12.08-13.11.55:666][  0]LogEngine: Initializing Engine...
[2018.12.08-13.11.55:667][  0]LogHMD: Failed to initialize OpenVR with code 110
[2018.12.08-13.11.55:668][  0]LogStats: UGameplayTagsManager::ConstructGameplayTagTree: ImportINI prefixes -  0.000 s
[2018.12.08-13.11.55:668][  0]LogStats: UGameplayTagsManager::ConstructGameplayTagTree: Construct from data asset -  0.000 s
[2018.12.08-13.11.55:669][  0]LogStats: UGameplayTagsManager::ConstructGameplayTagTree: ImportINI -  0.000 s
[2018.12.08-13.11.55:669][  0]LogStats: UGameplayTagsManager::ConstructGameplayTagTree: GameplayTagTreeChangedEvent.Broadcast -  0.000 s
[2018.12.08-13.11.55:945][  0]LogInit: Initializing FReadOnlyCVARCache
[2018.12.08-13.11.55:960][  0]LogAIModule: Creating AISystem for world Untitled
[2018.12.08-13.11.55:973][  0]LogInit: XAudio2 using 'Speaker/HP (Realtek High Definition Audio)' : 2 channels at 48 kHz using 32 bits per sample (channel mask 0x3)
[2018.12.08-13.11.56:223][  0]LogInit: FAudioDevice initialized.
[2018.12.08-13.11.56:224][  0]LogNetVersion: Set ProjectVersion to 1.0.0.0. Version Checksum will be recalculated on next use.
[2018.12.08-13.11.56:372][  0]LogDerivedDataCache: Saved boot cache 0.15s 71MB C:/Users/Dan/AppData/Local/UnrealEngine/4.21/DerivedDataCache/Boot.ddc.
[2018.12.08-13.11.56:382][  0]LogInit: Texture streaming: Enabled
[2018.12.08-13.11.56:399][  0]LogEngineSessionManager: EngineSessionManager initialized
[2018.12.08-13.11.56:411][  0]LogInit: Transaction tracking system initialized
[2018.12.08-13.11.56:433][  0]BlueprintLog: New page: Editor Load
[2018.12.08-13.11.56:524][  0]LocalizationService: Localization service is disabled
[2018.12.08-13.11.57:039][  0]LogFileCache: Scanning file cache for directory 'D:/Danny/Unreal_engine/GitHub/Subway/Content/' took 0.02s
[2018.12.08-13.11.57:039][  0]LogCook: Display: Max memory allowance for cook 16384mb min free memory 0mb
[2018.12.08-13.11.57:039][  0]LogCook: Display: Mobile HDR setting 1
[2018.12.08-13.11.57:039][  0]LogGameplayTags: Display: UGameplayTagsManager::DoneAddingNativeTags. DelegateIsBound: 0
[2018.12.08-13.11.57:039][  0]LogStats: UGameplayTagsManager::ConstructGameplayTagTree: ImportINI prefixes -  0.000 s
[2018.12.08-13.11.57:039][  0]LogStats: UGameplayTagsManager::ConstructGameplayTagTree: Construct from data asset -  0.000 s
[2018.12.08-13.11.57:040][  0]LogStats: UGameplayTagsManager::ConstructGameplayTagTree: ImportINI -  0.000 s
[2018.12.08-13.11.57:040][  0]LogStats: UGameplayTagsManager::ConstructGameplayTagTree: GameplayTagTreeChangedEvent.Broadcast -  0.000 s
[2018.12.08-13.11.57:215][  0]Cmd: MAP LOAD FILE="../../../../../../Danny/Unreal_engine/GitHub/Subway/Content/ThirdPersonBP/Maps/ThirdPersonExampleMap.umap" TEMPLATE=0 SHOWPROGRESS=1 FEATURELEVEL=3
[2018.12.08-13.11.57:215][  0]LightingResults: New page: Lighting Build
[2018.12.08-13.11.57:218][  0]MapCheck: New page: Map Check
[2018.12.08-13.11.57:218][  0]LightingResults: New page: Lighting Build
[2018.12.08-13.11.57:881][  0]LogAIModule: Creating AISystem for world ThirdPersonExampleMap
[2018.12.08-13.11.57:895][  0]LogEditorServer: Finished looking for orphan Actors (0.000 secs)
[2018.12.08-13.11.57:922][  0]Cmd: MAP CHECKDEP NOCLEARLOG
[2018.12.08-13.11.57:922][  0]MapCheck: Map check complete: 0 Error(s), 0 Warning(s), took 0.099ms to complete.
[2018.12.08-13.11.57:922][  0]LogFileHelpers: Loading map 'ThirdPersonExampleMap' took 0.707
[2018.12.08-13.11.58:018][  0]LogSlate: Updating window title bar state: overlay mode, drag disabled, window buttons hidden, title bar hidden
[2018.12.08-13.11.58:026][  0]LogSlate: Updating window title bar state: overlay mode, drag disabled, window buttons hidden, title bar hidden
[2018.12.08-13.11.58:038][  0]LogSlate: Updating window title bar state: overlay mode, drag disabled, window buttons hidden, title bar hidden
[2018.12.08-13.11.58:047][  0]LogSlate: Updating window title bar state: overlay mode, drag disabled, window buttons hidden, title bar hidden
[2018.12.08-13.11.58:054][  0]LogCollectionManager: Loaded 0 collections in 0.001006 seconds
[2018.12.08-13.11.58:095][  0]LogFileCache: Scanning file cache for directory 'D:/Danny/Unreal_engine/GitHub/Subway/Saved/Collections/' took 0.01s
[2018.12.08-13.11.58:095][  0]LogFileCache: Scanning file cache for directory 'D:/Danny/Unreal_engine/GitHub/Subway/Content/Developers/Dan/Collections/' took 0.01s
[2018.12.08-13.11.58:096][  0]LogFileCache: Scanning file cache for directory 'D:/Danny/Unreal_engine/GitHub/Subway/Content/Collections/' took 0.01s
[2018.12.08-13.11.58:096][  0]LogCollectionManager: Rebuilt the GUID cache for 0 collections in 0.000000 seconds
[2018.12.08-13.11.58:107][  0]LogContentBrowser: Native class hierarchy populated in 0.0112 seconds. Added 2651 classes and 620 folders.
[2018.12.08-13.11.58:114][  0]LogContentBrowser: Native class hierarchy updated for 'WidgetCarousel' in 0.0004 seconds. Added 0 classes and 0 folders.
[2018.12.08-13.11.58:118][  0]LogPakFile: Registered encryption key '00000000000000000000000000000000': 0 pak files mounted, 0 remain pending
[2018.12.08-13.11.58:120][  0]LogPakFile: Registered encryption key '00000000000000000000000000000000': 0 pak files mounted, 0 remain pending
[2018.12.08-13.11.58:121][  0]LogPakFile: Registered encryption key '00000000000000000000000000000000': 0 pak files mounted, 0 remain pending
[2018.12.08-13.11.58:122][  0]LogPakFile: Registered encryption key '00000000000000000000000000000000': 0 pak files mounted, 0 remain pending
[2018.12.08-13.11.58:122][  0]LogPakFile: Registered encryption key '00000000000000000000000000000000': 0 pak files mounted, 0 remain pending
[2018.12.08-13.11.58:124][  0]LogPakFile: Registered encryption key '00000000000000000000000000000000': 0 pak files mounted, 0 remain pending
[2018.12.08-13.11.58:124][  0]LogPakFile: Registered encryption key '00000000000000000000000000000000': 0 pak files mounted, 0 remain pending
[2018.12.08-13.11.58:125][  0]LogPakFile: Registered encryption key '00000000000000000000000000000000': 0 pak files mounted, 0 remain pending
[2018.12.08-13.11.58:126][  0]LogPakFile: Registered encryption key '00000000000000000000000000000000': 0 pak files mounted, 0 remain pending
[2018.12.08-13.11.58:128][  0]LogPakFile: Registered encryption key '00000000000000000000000000000000': 0 pak files mounted, 0 remain pending
[2018.12.08-13.11.58:129][  0]LogPakFile: Registered encryption key '00000000000000000000000000000000': 0 pak files mounted, 0 remain pending
[2018.12.08-13.11.58:130][  0]LogPakFile: Registered encryption key '00000000000000000000000000000000': 0 pak files mounted, 0 remain pending
[2018.12.08-13.11.58:131][  0]LogPakFile: Registered encryption key '00000000000000000000000000000000': 0 pak files mounted, 0 remain pending
[2018.12.08-13.11.58:132][  0]LogPakFile: Registered encryption key '00000000000000000000000000000000': 0 pak files mounted, 0 remain pending
[2018.12.08-13.11.58:133][  0]LogPakFile: Registered encryption key '00000000000000000000000000000000': 0 pak files mounted, 0 remain pending
[2018.12.08-13.11.58:134][  0]LogPakFile: Registered encryption key '00000000000000000000000000000000': 0 pak files mounted, 0 remain pending
[2018.12.08-13.11.58:134][  0]LogPakFile: Registered encryption key '00000000000000000000000000000000': 0 pak files mounted, 0 remain pending
[2018.12.08-13.11.58:135][  0]LogPakFile: Registered encryption key '00000000000000000000000000000000': 0 pak files mounted, 0 remain pending
[2018.12.08-13.11.58:136][  0]LogPakFile: Registered encryption key '00000000000000000000000000000000': 0 pak files mounted, 0 remain pending
[2018.12.08-13.11.58:138][  0]LogPakFile: Registered encryption key '00000000000000000000000000000000': 0 pak files mounted, 0 remain pending
[2018.12.08-13.11.58:139][  0]LogPakFile: Registered encryption key '00000000000000000000000000000000': 0 pak files mounted, 0 remain pending
[2018.12.08-13.11.58:140][  0]LogPakFile: Registered encryption key '00000000000000000000000000000000': 0 pak files mounted, 0 remain pending
[2018.12.08-13.11.58:141][  0]LogPakFile: Registered encryption key '00000000000000000000000000000000': 0 pak files mounted, 0 remain pending
[2018.12.08-13.11.58:143][  0]LogPakFile: Registered encryption key '00000000000000000000000000000000': 0 pak files mounted, 0 remain pending
[2018.12.08-13.11.58:145][  0]LogPakFile: Registered encryption key '00000000000000000000000000000000': 0 pak files mounted, 0 remain pending
[2018.12.08-13.11.58:146][  0]LogPakFile: Registered encryption key '00000000000000000000000000000000': 0 pak files mounted, 0 remain pending
[2018.12.08-13.11.58:209][  0]LogContentBrowser: Native class hierarchy updated for 'AddContentDialog' in 0.0004 seconds. Added 0 classes and 0 folders.
[2018.12.08-13.11.58:221][  0]LogContentBrowser: Native class hierarchy updated for 'SceneOutliner' in 0.0004 seconds. Added 1 classes and 2 folders.
[2018.12.08-13.11.58:232][  0]LogSlate: Took 0.000706 seconds to synchronously load lazily loaded font '../../../Engine/Content/Slate/Fonts/Roboto-Regular.ttf' (155K)
[2018.12.08-13.11.58:235][  0]LogSlate: Took 0.000859 seconds to synchronously load lazily loaded font '../../../Engine/Content/Slate/Fonts/Roboto-Bold.ttf' (160K)
[2018.12.08-13.11.58:242][  0]LogSlate: Took 0.000663 seconds to synchronously load lazily loaded font '../../../Engine/Content/Editor/Slate/Fonts/FontAwesome.ttf' (139K)
[2018.12.08-13.11.58:337][  0]LogRenderer: Reallocating scene render targets to support 1012x468 Format 10 NumSamples 1 (Frame:1).
[2018.12.08-13.11.58:542][  0]LogContentBrowser: Native class hierarchy updated for 'HierarchicalLODOutliner' in 0.0003 seconds. Added 0 classes and 0 folders.
[2018.12.08-13.11.58:542][  0]LogLoad: (Engine Initialization) Total time: 13.01 seconds
[2018.12.08-13.11.58:542][  0]LogLoad: (Engine Initialization) Total Blueprint compile time: 0.00 seconds
[2018.12.08-13.11.58:631][  0]LogContentStreaming: Texture pool size now 1000 MB
[2018.12.08-13.11.58:657][  0]LogSlate: Took 0.000578 seconds to synchronously load lazily loaded font '../../../Engine/Content/Slate/Fonts/Roboto-Light.ttf' (167K)
[2018.12.08-13.11.59:021][  2]LogAssetRegistry: Asset discovery search completed in 8.3873 seconds
[2018.12.08-13.11.59:022][  2]LogCollectionManager: Rebuilt the object cache for 0 collections in 0.000000 seconds (found 0 objects)
[2018.12.08-13.11.59:022][  2]LogCollectionManager: Fixed up redirectors for 0 collections in 0.000043 seconds (updated 0 objects)
[2018.12.08-13.12.00:653][  7]LogSlate: FSceneViewport::OnFocusLost() reason 2
[2018.12.08-13.12.01:445][ 54]LogSlate: FSceneViewport::OnFocusLost() reason 2
[2018.12.08-13.12.06:871][377]Cmd: MAP LOAD FILE="../../../../../../Danny/Unreal_engine/GitHub/Subway/Content/Maps/Map.umap" TEMPLATE=0 SHOWPROGRESS=1 FEATURELEVEL=3
[2018.12.08-13.12.06:875][377]LogSlate: Took 0.000453 seconds to synchronously load lazily loaded font '../../../Engine/Content/Slate/Fonts/Roboto-Light.ttf' (167K)
[2018.12.08-13.12.06:892][377]LightingResults: New page: Lighting Build
[2018.12.08-13.12.06:893][377]LoadErrors: New page: Loading map: Map.umap
[2018.12.08-13.12.06:895][377]MapCheck: New page: Map Check
[2018.12.08-13.12.06:895][377]LightingResults: New page: Lighting Build
[2018.12.08-13.12.06:940][377]LogAIModule: Creating AISystem for world Map
[2018.12.08-13.12.06:949][377]LogEditorServer: Finished looking for orphan Actors (0.000 secs)
[2018.12.08-13.12.06:998][377]Cmd: MAP CHECKDEP NOCLEARLOG
[2018.12.08-13.12.06:999][377]MapCheck: Map check complete: 0 Error(s), 0 Warning(s), took 0.081ms to complete.
[2018.12.08-13.12.06:999][377]LogFileHelpers: Loading map 'Map' took 0.128
[2018.12.08-13.12.07:000][377]LogSlate: Window 'Open Level' being destroyed
[2018.12.08-13.12.07:933][429]LogSlate: FSceneViewport::OnFocusLost() reason 2
[2018.12.08-13.12.08:346][454]LogTemp: Repeating last play command: Selected Viewport
[2018.12.08-13.12.08:358][454]LogBlueprintUserMessages: Early PlayInEditor Detection: Level '/Game/Maps/Map.Map:PersistentLevel' has LevelScriptBlueprint '/Game/Maps/Map.Map:PersistentLevel.Map' with GeneratedClass '/Game/Maps/Map.Map_C' with ClassGeneratedBy '/Game/Maps/Map.Map:PersistentLevel.Map'
[2018.12.08-13.12.08:358][454]LogPlayLevel: PlayLevel: No blueprints needed recompiling
[2018.12.08-13.12.08:358][454]PIE: New page: PIE session: Map (Dec 8, 2018, 5:12:08 PM)
[2018.12.08-13.12.08:371][454]LogPlayLevel: Creating play world package: /Game/Maps/UEDPIE_0_Map
[2018.12.08-13.12.08:374][454]LogPlayLevel: PIE: StaticDuplicateObject took: (0.003109s)
[2018.12.08-13.12.08:375][454]LogAIModule: Creating AISystem for world Map
[2018.12.08-13.12.08:375][454]LogPlayLevel: PIE: World Init took: (0.001181s)
[2018.12.08-13.12.08:375][454]LogPlayLevel: PIE: Created PIE world by copying editor world from /Game/Maps/Map.Map to /Game/Maps/UEDPIE_0_Map.Map (0.004571s)
[2018.12.08-13.12.08:403][454]LogInit: XAudio2 using 'Speaker/HP (Realtek High Definition Audio)' : 2 channels at 48 kHz using 32 bits per sample (channel mask 0x3)
[2018.12.08-13.12.08:415][454]LogInit: FAudioDevice initialized.
[2018.12.08-13.12.08:456][454]LogLoad: Game class is 'ThirdPersonGameMode_C'
[2018.12.08-13.12.08:458][454]LogWorld: Bringing World /Game/Maps/UEDPIE_0_Map.Map up for play (max tick rate 60) at 2018.12.08-15.12.08
[2018.12.08-13.12.08:459][454]LogWorld: Bringing up level for play took: 0.000589
[2018.12.08-13.12.08:475][454]LogContentBrowser: Native class hierarchy updated for 'MovieSceneCapture' in 0.0003 seconds. Added 20 classes and 0 folders.
[2018.12.08-13.12.08:490][454]PIE: Play in editor start time for /Game/Maps/UEDPIE_0_Map -0.226
[2018.12.08-13.12.08:491][454]LogBlueprintUserMessages: Late PlayInEditor Detection: Level '/Game/Maps/Map.Map:PersistentLevel' has LevelScriptBlueprint '/Game/Maps/Map.Map:PersistentLevel.Map' with GeneratedClass '/Game/Maps/Map.Map_C' with ClassGeneratedBy '/Game/Maps/Map.Map:PersistentLevel.Map'
[2018.12.08-13.12.10:786][582]LogBlueprintUserMessages: Early EndPlayMap Detection: Level '/Game/Maps/Map.Map:PersistentLevel' has LevelScriptBlueprint '/Game/Maps/Map.Map:PersistentLevel.Map' with GeneratedClass '/Game/Maps/Map.Map_C' with ClassGeneratedBy '/Game/Maps/Map.Map:PersistentLevel.Map'
[2018.12.08-13.12.10:786][582]LogSlate: Updating window title bar state: overlay mode, drag disabled, window buttons hidden, title bar hidden
[2018.12.08-13.12.10:823][582]LogPlayLevel: Display: Shutting down PIE online subsystems
[2018.12.08-13.12.10:823][582]LogBlueprintUserMessages: Late EndPlayMap Detection: Level '/Game/Maps/Map.Map:PersistentLevel' has LevelScriptBlueprint '/Game/Maps/Map.Map:PersistentLevel.Map' with GeneratedClass '/Game/Maps/Map.Map_C' with ClassGeneratedBy '/Game/Maps/Map.Map:PersistentLevel.Map'
[2018.12.08-13.12.10:851][582]LogSlate: Updating window title bar state: overlay mode, drag disabled, window buttons hidden, title bar hidden
[2018.12.08-13.12.10:899][584]LogPlayLevel: Display: Destroying online subsystem :Context_5
[2018.12.08-13.12.11:383][613]LogSlate: FSceneViewport::OnFocusLost() reason 0
[2018.12.08-13.12.11:465][618]LogTemp: Repeating last play command: Selected Viewport
[2018.12.08-13.12.11:476][618]LogBlueprintUserMessages: Early PlayInEditor Detection: Level '/Game/Maps/Map.Map:PersistentLevel' has LevelScriptBlueprint '/Game/Maps/Map.Map:PersistentLevel.Map' with GeneratedClass '/Game/Maps/Map.Map_C' with ClassGeneratedBy '/Game/Maps/Map.Map:PersistentLevel.Map'
[2018.12.08-13.12.11:476][618]LogPlayLevel: PlayLevel: No blueprints needed recompiling
[2018.12.08-13.12.11:476][618]PIE: New page: PIE session: Map (Dec 8, 2018, 5:12:11 PM)
[2018.12.08-13.12.11:477][618]LogPlayLevel: Creating play world package: /Game/Maps/UEDPIE_0_Map
[2018.12.08-13.12.11:479][618]LogPlayLevel: PIE: StaticDuplicateObject took: (0.002248s)
[2018.12.08-13.12.11:479][618]LogAIModule: Creating AISystem for world Map
[2018.12.08-13.12.11:480][618]LogPlayLevel: PIE: World Init took: (0.000817s)
[2018.12.08-13.12.11:480][618]LogPlayLevel: PIE: Created PIE world by copying editor world from /Game/Maps/Map.Map to /Game/Maps/UEDPIE_0_Map.Map (0.003285s)
[2018.12.08-13.12.11:508][618]LogInit: XAudio2 using 'Speaker/HP (Realtek High Definition Audio)' : 2 channels at 48 kHz using 32 bits per sample (channel mask 0x3)
[2018.12.08-13.12.11:521][618]LogInit: FAudioDevice initialized.
[2018.12.08-13.12.11:554][618]LogLoad: Game class is 'ThirdPersonGameMode_C'
[2018.12.08-13.12.11:556][618]LogWorld: Bringing World /Game/Maps/UEDPIE_0_Map.Map up for play (max tick rate 60) at 2018.12.08-15.12.11
[2018.12.08-13.12.11:556][618]LogWorld: Bringing up level for play took: 0.000476
[2018.12.08-13.12.11:580][618]PIE: Play in editor start time for /Game/Maps/UEDPIE_0_Map 0.863
[2018.12.08-13.12.11:580][618]LogBlueprintUserMessages: Late PlayInEditor Detection: Level '/Game/Maps/Map.Map:PersistentLevel' has LevelScriptBlueprint '/Game/Maps/Map.Map:PersistentLevel.Map' with GeneratedClass '/Game/Maps/Map.Map_C' with ClassGeneratedBy '/Game/Maps/Map.Map:PersistentLevel.Map'
[2018.12.08-13.12.12:313][660]LogBlueprintUserMessages: [MasterTile_C_0] 1
[2018.12.08-13.12.13:080][706]LogBlueprintUserMessages: [MasterTile_C_1] 2
[2018.12.08-13.12.13:763][747]LogBlueprintUserMessages: [MasterTile_C_2] 3
[2018.12.08-13.12.14:397][785]LogBlueprintUserMessages: [MasterTile_C_3] 4
[2018.12.08-13.12.14:979][820]LogBlueprintUserMessages: [MasterTile_C_4] 5
[2018.12.08-13.12.15:497][851]LogBlueprintUserMessages: [MasterTile_C_5] 6
[2018.12.08-13.12.15:980][880]LogBlueprintUserMessages: [MasterTile_C_6] 7
[2018.12.08-13.12.16:414][906]LogBlueprintUserMessages: [MasterTile_C_7] 8
[2018.12.08-13.12.16:831][931]LogBlueprintUserMessages: [MasterTile_C_8] 9
[2018.12.08-13.12.17:248][956]LogBlueprintUserMessages: [MasterTile_C_9] 10
[2018.12.08-13.12.17:664][981]LogBlueprintUserMessages: [MasterTile_C_10] 11
[2018.12.08-13.12.18:081][  6]LogBlueprintUserMessages: [MasterTile_C_11] 12
[2018.12.08-13.12.18:498][ 31]LogBlueprintUserMessages: [MasterTile_C_12] 13
[2018.12.08-13.12.18:915][ 56]LogBlueprintUserMessages: [MasterTile_C_13] 14
[2018.12.08-13.12.19:331][ 81]LogBlueprintUserMessages: [MasterTile_C_14] 15
[2018.12.08-13.12.19:747][106]LogBlueprintUserMessages: [MasterTile_C_15] 16
[2018.12.08-13.12.20:164][131]LogBlueprintUserMessages: [MasterTile_C_16] 17
[2018.12.08-13.12.20:580][156]LogBlueprintUserMessages: [MasterTile_C_17] 18
[2018.12.08-13.12.20:997][181]LogBlueprintUserMessages: [MasterTile_C_18] 19
[2018.12.08-13.12.21:414][206]LogBlueprintUserMessages: [MasterTile_C_19] 20
[2018.12.08-13.12.21:832][231]LogBlueprintUserMessages: [MasterTile_C_20] 21
[2018.12.08-13.12.22:248][256]LogBlueprintUserMessages: [MasterTile_C_21] 22
[2018.12.08-13.12.22:664][281]LogBlueprintUserMessages: [MasterTile_C_22] 23
[2018.12.08-13.12.23:082][306]LogBlueprintUserMessages: [MasterTile_C_23] 24
[2018.12.08-13.12.25:632][459]LogBlueprintUserMessages: Early EndPlayMap Detection: Level '/Game/Maps/Map.Map:PersistentLevel' has LevelScriptBlueprint '/Game/Maps/Map.Map:PersistentLevel.Map' with GeneratedClass '/Game/Maps/Map.Map_C' with ClassGeneratedBy '/Game/Maps/Map.Map:PersistentLevel.Map'
[2018.12.08-13.12.25:632][459]LogSlate: Updating window title bar state: overlay mode, drag disabled, window buttons hidden, title bar hidden
[2018.12.08-13.12.25:669][459]LogPlayLevel: Display: Shutting down PIE online subsystems
[2018.12.08-13.12.25:669][459]LogBlueprintUserMessages: Late EndPlayMap Detection: Level '/Game/Maps/Map.Map:PersistentLevel' has LevelScriptBlueprint '/Game/Maps/Map.Map:PersistentLevel.Map' with GeneratedClass '/Game/Maps/Map.Map_C' with ClassGeneratedBy '/Game/Maps/Map.Map:PersistentLevel.Map'
[2018.12.08-13.12.25:694][459]LogSlate: Updating window title bar state: overlay mode, drag disabled, window buttons hidden, title bar hidden
[2018.12.08-13.12.25:736][461]LogPlayLevel: Display: Destroying online subsystem :Context_6
[2018.12.08-13.12.29:340][675]LogSlate: FSceneViewport::OnFocusLost() reason 2
[2018.12.08-13.12.31:443][801]LogSlate: FSceneViewport::OnFocusLost() reason 2
[2018.12.08-13.12.34:261][969]SourceControl: Source control is disabled
[2018.12.08-13.12.54:133][139]LogSlate: Window 'Source Control Login' being destroyed
[2018.12.08-13.12.58:808][414]LogSlate: FSceneViewport::OnFocusLost() reason 0
[2018.12.08-13.12.59:013][418]LogSlate: FSceneViewport::OnFocusLost() reason 2
[2018.12.08-13.12.59:135][418]Cmd: OBJ SAVEPACKAGE PACKAGE="/Game/Maps/Map" FILE="../../../../../../Danny/Unreal_engine/GitHub/Subway/Content/Maps/Map.umap" SILENT=true AUTOSAVING=false KEEPDIRTY=false
[2018.12.08-13.12.59:260][418]LogSavePackage: Moving '../../../../../../Danny/Unreal_engine/GitHub/Subway/Saved/Map99055A2D432AC5A56A13278A1325A6BC.tmp' to '../../../../../../Danny/Unreal_engine/GitHub/Subway/Content/Maps/Map.umap'
[2018.12.08-13.12.59:413][418]Cmd: OBJ SAVEPACKAGE PACKAGE="/Game/Maps/Map_BuiltData" FILE="../../../../../../Danny/Unreal_engine/GitHub/Subway/Content/Maps/Map_BuiltData.uasset" SILENT=true
[2018.12.08-13.12.59:515][418]LogSavePackage: Moving '../../../../../../Danny/Unreal_engine/GitHub/Subway/Saved/Map_BuiltData412D727243B6B28B1149A7A56A881599.tmp' to '../../../../../../Danny/Unreal_engine/GitHub/Subway/Content/Maps/Map_BuiltData.uasset'
